<?xml version="1.0" encoding="UTF-8"?>
<!-- Generated by org.testng.reporters.JUnitReportReporter -->
<testsuite hostname="LAPTOP-3C9LNJHN" failures="0" tests="1" name="testNGCrossBrowserTest.FireFoxTest" time="15.397" errors="0" timestamp="2022-06-29T20:51:09 IST" skipped="0">
  <testcase classname="testNGCrossBrowserTest.FireFoxTest" name="myMethod" time="15.397"/>
  <system-out/>
</testsuite> <!-- testNGCrossBrowserTest.FireFoxTest -->
