<?xml version="1.0" encoding="UTF-8"?>
<!-- Generated by org.testng.reporters.JUnitReportReporter -->
<testsuite hostname="LAPTOP-3C9LNJHN" failures="0" tests="1" name="testNGKiteTest.ValidateKiteUserId" time="7.659" errors="0" timestamp="2022-07-01T12:48:40 IST" skipped="0">
  <testcase classname="testNGKiteTest.ValidateKiteUserId" name="ValidateUserID" time="7.659"/>
  <system-out>
    <![CDATA[Actual and expected matching,T.C is passed]]>
  </system-out>
</testsuite> <!-- testNGKiteTest.ValidateKiteUserId -->
