<?xml version="1.0" encoding="UTF-8"?>
<!-- Generated by org.testng.reporters.JUnitReportReporter -->
<testsuite hostname="LAPTOP-3C9LNJHN" failures="0" tests="1" name="testNGKiteTest.ValidateKiteUserIdUsingPropertyFIle" time="6.847" errors="0" timestamp="2022-07-02T11:35:32 IST" skipped="0">
  <testcase classname="testNGKiteTest.ValidateKiteUserIdUsingPropertyFIle" name="ValidateUserID" time="6.847"/>
  <system-out>
    <![CDATA[Actual and expected matching,T.C is passed]]>
  </system-out>
</testsuite> <!-- testNGKiteTest.ValidateKiteUserIdUsingPropertyFIle -->
