<?xml version="1.0" encoding="UTF-8"?>
<!-- Generated by org.testng.reporters.JUnitReportReporter -->
<testsuite hostname="LAPTOP-3C9LNJHN" failures="0" tests="1" name="testNGKitePOM.ValidateUserName" time="9.361" errors="0" timestamp="2022-07-01T12:50:51 IST" skipped="0">
  <testcase classname="testNGKitePOM.ValidateUserName" name="ValidateProfileName" time="9.361"/>
  <system-out>
    <![CDATA[Validating User name
Actual and expected matching,T.C is passed]]>
  </system-out>
</testsuite> <!-- testNGKitePOM.ValidateUserName -->
